#
# There is insufficient memory for the Java Runtime Environment to continue.
# Native memory allocation (mmap) failed to map 65536 bytes for Failed to commit area from 0x000002602f430000 to 0x000002602f440000 of length 65536.
# Possible reasons:
#   The system is out of physical RAM or swap space
#   The process is running with CompressedOops enabled, and the Java Heap may be blocking the growth of the native heap
# Possible solutions:
#   Reduce memory load on the system
#   Increase physical memory or swap space
#   Check if swap backing store is full
#   Decrease Java heap size (-Xmx/-Xms)
#   Decrease number of Java threads
#   Decrease Java thread stack sizes (-Xss)
#   Set larger code cache with -XX:ReservedCodeCacheSize=
# This output file may be truncated or incomplete.
#
#  Out of Memory Error (./open/src/hotspot/os/windows/os_windows.cpp:3275), pid=17292, tid=2276
#
# JRE version:  (11.0.8+10) (build )
# Java VM: Java HotSpot(TM) 64-Bit Server VM (11.0.8+10-LTS, mixed mode, sharing, tiered, compressed oops, g1 gc, windows-amd64)
# No core dump will be written. Minidumps are not enabled by default on client versions of Windows
#

---------------  S U M M A R Y ------------

Command Line: -XX:TieredStopAtLevel=1 -Xverify:none -Dspring.output.ansi.enabled=always -Dcom.sun.management.jmxremote -Dspring.jmx.enabled=true -Dspring.liveBeansView.mbeanDomain -Dspring.application.admin.enabled=true -javaagent:C:\Program Files\JetBrains\IntelliJ IDEA 2019.2.3\lib\idea_rt.jar=51317:C:\Program Files\JetBrains\IntelliJ IDEA 2019.2.3\bin -Dfile.encoding=UTF-8 co.proyectoGrado.proyectoGrado.ProyectoGradoApplication

Host: Intel(R) Core(TM) i7-4510U CPU @ 2.00GHz, 4 cores, 7G,  Windows 10 , 64 bit Build 18362 (10.0.18362.1500)
Time: Mon Apr 19 13:48:10 2021 Hora est. Pacífico, Sudamérica elapsed time: 0 seconds (0d 0h 0m 0s)

---------------  T H R E A D  ---------------

Current thread (0x000002601539a800):  JavaThread "Unknown thread" [_thread_in_vm, id=2276, stack(0x000000c302a00000,0x000000c302b00000)]

Stack: [0x000000c302a00000,0x000000c302b00000]
Native frames: (J=compiled Java code, j=interpreted, Vv=VM code, C=native code)
V  [jvm.dll+0x601aea]
V  [jvm.dll+0x737fef]
V  [jvm.dll+0x739675]
V  [jvm.dll+0x739cf3]
V  [jvm.dll+0x242848]
V  [jvm.dll+0x5fef8a]
V  [jvm.dll+0x5f3eb5]
V  [jvm.dll+0x2f651c]
V  [jvm.dll+0x2f63a2]
V  [jvm.dll+0x2fb170]
V  [jvm.dll+0x33cec5]
V  [jvm.dll+0x33c8d0]
V  [jvm.dll+0x2d4768]
V  [jvm.dll+0x2d58c6]
V  [jvm.dll+0x713e67]
V  [jvm.dll+0x71570f]
V  [jvm.dll+0x349c19]
V  [jvm.dll+0x6f97f0]
V  [jvm.dll+0x3b2a5f]
V  [jvm.dll+0x3b4e81]
C  [jli.dll+0x5213]
C  [ucrtbase.dll+0x210b2]
C  [KERNEL32.DLL+0x17c24]
C  [ntdll.dll+0x6d721]


---------------  P R O C E S S  ---------------

Threads class SMR info:
_java_thread_list=0x00000260131b18e0, length=0, elements={
}

Java Threads: ( => current thread )

Other Threads:
  0x00000260153af800 GCTaskThread "GC Thread#0" [stack: 0x000000c302b00000,0x000000c302c00000] [id=9380]
  0x00000260153e3800 ConcurrentGCThread "G1 Main Marker" [stack: 0x000000c302c00000,0x000000c302d00000] [id=13868]
  0x00000260153e5000 ConcurrentGCThread "G1 Conc#0" [stack: 0x000000c302d00000,0x000000c302e00000] [id=844]

[error occurred during error reporting (printing all threads), id 0xc0000005, EXCEPTION_ACCESS_VIOLATION (0xc0000005) at pc=0x00007ff9dd612f67]

VM state:not at safepoint (not fully initialized)

VM Mutex/Monitor currently owned by a thread:  ([mutex/lock_event])
[0x0000026015397170] Heap_lock - owner thread: 0x000002601539a800

Heap address: 0x0000000081800000, size: 2024 MB, Compressed Oops mode: Non-zero based: 0x0000000081800000
Narrow klass base: 0x0000000000000000, Narrow klass shift: 0

GC Heap History (0 events):
No events

Deoptimization events (0 events):
No events

Classes redefined (0 events):
No events

Internal exceptions (0 events):
No events

Events (0 events):
No events


Dynamic libraries:
0x00007ff7a9f10000 - 0x00007ff7a9f1f000 	C:\Program Files\Java\jdk-11.0.8\bin\java.exe
0x00007ffa2d9e0000 - 0x00007ffa2dbd0000 	C:\WINDOWS\SYSTEM32\ntdll.dll
0x00007ffa2d650000 - 0x00007ffa2d702000 	C:\WINDOWS\System32\KERNEL32.DLL
0x00007ffa2af90000 - 0x00007ffa2b235000 	C:\WINDOWS\System32\KERNELBASE.dll
0x00007ffa2ac60000 - 0x00007ffa2ad5a000 	C:\WINDOWS\System32\ucrtbase.dll
0x00007ffa1b450000 - 0x00007ffa1b468000 	C:\Program Files\Java\jdk-11.0.8\bin\jli.dll
0x00007ffa2d8f0000 - 0x00007ffa2d993000 	C:\WINDOWS\System32\ADVAPI32.dll
0x00007ffa2bc90000 - 0x00007ffa2bd2e000 	C:\WINDOWS\System32\msvcrt.dll
0x00007ffa2d0e0000 - 0x00007ffa2d177000 	C:\WINDOWS\System32\sechost.dll
0x00007ffa2d710000 - 0x00007ffa2d82f000 	C:\WINDOWS\System32\RPCRT4.dll
0x00007ffa2bd60000 - 0x00007ffa2bef4000 	C:\WINDOWS\System32\USER32.dll
0x00007ffa2ad60000 - 0x00007ffa2ad81000 	C:\WINDOWS\System32\win32u.dll
0x00007ffa2d620000 - 0x00007ffa2d646000 	C:\WINDOWS\System32\GDI32.dll
0x00007ffa1bcd0000 - 0x00007ffa1bf54000 	C:\WINDOWS\WinSxS\amd64_microsoft.windows.common-controls_6595b64144ccf1df_6.0.18362.1500_none_9e79be6de462295c\COMCTL32.dll
0x00007ffa2aac0000 - 0x00007ffa2ac58000 	C:\WINDOWS\System32\gdi32full.dll
0x00007ffa2c520000 - 0x00007ffa2c856000 	C:\WINDOWS\System32\combase.dll
0x00007ffa2ad90000 - 0x00007ffa2ae2e000 	C:\WINDOWS\System32\msvcp_win.dll
0x00007ffa2a980000 - 0x00007ffa2aa01000 	C:\WINDOWS\System32\bcryptPrimitives.dll
0x00007ffa240b0000 - 0x00007ffa240ba000 	C:\WINDOWS\SYSTEM32\VERSION.dll
0x00007ffa1ca20000 - 0x00007ffa1ca35000 	C:\Program Files\Java\jdk-11.0.8\bin\VCRUNTIME140.dll
0x00007ffa2c860000 - 0x00007ffa2c88e000 	C:\WINDOWS\System32\IMM32.DLL
0x00007ffa18ff0000 - 0x00007ffa1908b000 	C:\Program Files\Java\jdk-11.0.8\bin\msvcp140.dll
0x00007ff9dd330000 - 0x00007ff9dde16000 	C:\Program Files\Java\jdk-11.0.8\bin\server\jvm.dll
0x00007ffa2bd30000 - 0x00007ffa2bd38000 	C:\WINDOWS\System32\PSAPI.DLL
0x00007ffa26290000 - 0x00007ffa26299000 	C:\WINDOWS\SYSTEM32\WSOCK32.dll
0x00007ffa24080000 - 0x00007ffa240a4000 	C:\WINDOWS\SYSTEM32\WINMM.dll
0x00007ffa2bf60000 - 0x00007ffa2bfcf000 	C:\WINDOWS\System32\WS2_32.dll
0x00007ffa24050000 - 0x00007ffa2407d000 	C:\WINDOWS\SYSTEM32\winmmbase.dll
0x00007ffa2b240000 - 0x00007ffa2b28a000 	C:\WINDOWS\System32\cfgmgr32.dll
0x00007ffa2a8a0000 - 0x00007ffa2a8b1000 	C:\WINDOWS\System32\kernel.appcore.dll
0x00007ffa23600000 - 0x00007ffa23610000 	C:\Program Files\Java\jdk-11.0.8\bin\verify.dll
0x00007ffa23800000 - 0x00007ffa239f4000 	C:\WINDOWS\SYSTEM32\DBGHELP.DLL
0x00007ffa22860000 - 0x00007ffa2288a000 	C:\WINDOWS\SYSTEM32\dbgcore.DLL
0x00007ffa1b420000 - 0x00007ffa1b448000 	C:\Program Files\Java\jdk-11.0.8\bin\java.dll
0x00007ffa234c0000 - 0x00007ffa234ca000 	C:\Program Files\Java\jdk-11.0.8\bin\jimage.dll
0x00007ffa26620000 - 0x00007ffa2662e000 	C:\Program Files\Java\jdk-11.0.8\bin\instrument.dll
0x00007ffa1b220000 - 0x00007ffa1b236000 	C:\Program Files\Java\jdk-11.0.8\bin\zip.dll

dbghelp: loaded successfully - version: 4.0.5 - missing functions: none
symbol engine: initialized successfully - sym options: 0x614 - pdb path: .;C:\Program Files\Java\jdk-11.0.8\bin;C:\WINDOWS\SYSTEM32;C:\WINDOWS\WinSxS\amd64_microsoft.windows.common-controls_6595b64144ccf1df_6.0.18362.1500_none_9e79be6de462295c;C:\Program Files\Java\jdk-11.0.8\bin\server

VM Arguments:
jvm_args: -XX:TieredStopAtLevel=1 -Xverify:none -Dspring.output.ansi.enabled=always -Dcom.sun.management.jmxremote -Dspring.jmx.enabled=true -Dspring.liveBeansView.mbeanDomain -Dspring.application.admin.enabled=true -javaagent:C:\Program Files\JetBrains\IntelliJ IDEA 2019.2.3\lib\idea_rt.jar=51317:C:\Program Files\JetBrains\IntelliJ IDEA 2019.2.3\bin -Dfile.encoding=UTF-8 
java_command: co.proyectoGrado.proyectoGrado.ProyectoGradoApplication
java_class_path (initial): C:\Users\Home\Documents\Alejandro\Trabajo de grado\Clone\proyectodegrado\build\classes\java\main;C:\Users\Home\.gradle\caches\modules-2\files-2.1\org.mapstruct\mapstruct\1.3.0.Final\93cc0bbb46862bf998175f8b141d8136f26c2cc9\mapstruct-1.3.0.Final.jar;C:\Users\Home\.gradle\caches\modules-2\files-2.1\org.springframework.boot\spring-boot-starter-data-jpa\2.4.4\467d100d81d955308bf5a32067f6e620dbeda815\spring-boot-starter-data-jpa-2.4.4.jar;C:\Users\Home\.gradle\caches\modules-2\files-2.1\org.springframework.boot\spring-boot-starter-web\2.4.4\8b84b6800a0b72d644d77aea3df0bf02008096a7\spring-boot-starter-web-2.4.4.jar;C:\Users\Home\.gradle\caches\modules-2\files-2.1\mysql\mysql-connector-java\8.0.23\14d64ac509adccaff444513c12646d93e4ed8be8\mysql-connector-java-8.0.23.jar;C:\Users\Home\.gradle\caches\modules-2\files-2.1\org.springframework.boot\spring-boot-starter-aop\2.4.4\27943de19956db32ef653315894f37182bc4b437\spring-boot-starter-aop-2.4.4.jar;C:\Users\Home\.gradle\caches\modules-2\files-2.1\org.springframework.boot\spring-boot-starter-jdbc\2.4.4\7e807b3be69cfd5bc375282aaf19eb79ed59908a\spring-boot-starter-jdbc-2.4.4.jar;C:\Users\Home\.gradle\caches\modules-2\files-2.1\jakarta.transaction\jakarta.transaction-api\1.3.3\c4179d48720a1e87202115fbed6089bdc4195405\jakarta.transaction-api-1.3.3.jar;C:\Users\Home\.gradle\caches\modules-2\files-2.1\jakarta.persistence\jakarta.persistence-api\2.2.3\8f6ea5daedc614f07a3654a455660145286f024e\jakarta.persistence-api-2.2.3.jar;C:\Users\Home\.gradle\caches\modules-2\files-2.1\org.hibernate\hibernate-core\5.4.29.Final\74b7c9ad3cb57ae4fd0187480a76f137a7fc3f38\hibernate-core-5.4.29.Final.jar;C:\Users\Home\.gradle\caches\modules-2\files-2.1\org.springframework.data\spring-data-jpa\2.4.6\bb87b851041e68e5130d9def1e7fd11b63f794b\spring-data-jpa-2.4.6.jar;C:\Users\Home\.gradle\caches\modules-2\files-2.1\org.springframework\spring-aspects\5.3.5\b4b1a19e5b0d319dc01d8ef1bf1f4a57cac36e7c\spring-aspects-5.3.5.jar;C:\Users
Launcher Type: SUN_STANDARD

[Global flags]
     bool BytecodeVerificationLocal                = false                                     {product} {command line}
     bool BytecodeVerificationRemote               = false                                     {product} {command line}
     intx CICompilerCount                          = 3                                         {product} {ergonomic}
     uint ConcGCThreads                            = 1                                         {product} {ergonomic}
     uint G1ConcRefinementThreads                  = 4                                         {product} {ergonomic}
   size_t G1HeapRegionSize                         = 1048576                                   {product} {ergonomic}
    uintx GCDrainStackTargetSize                   = 64                                        {product} {ergonomic}
   size_t InitialHeapSize                          = 134217728                                 {product} {ergonomic}
     bool ManagementServer                         = true                                      {product} {command line}
   size_t MarkStackSize                            = 4194304                                   {product} {ergonomic}
   size_t MaxHeapSize                              = 2122317824                                {product} {ergonomic}
   size_t MinHeapDeltaBytes                        = 1048576                                   {product} {ergonomic}
    uintx NonNMethodCodeHeapSize                   = 6973028                                {pd product} {ergonomic}
    uintx NonProfiledCodeHeapSize                  = 244685212                              {pd product} {ergonomic}
    uintx ProfiledCodeHeapSize                     = 0                                      {pd product} {ergonomic}
    uintx ReservedCodeCacheSize                    = 251658240                              {pd product} {ergonomic}
     bool SegmentedCodeCache                       = true                                      {product} {ergonomic}
     intx TieredStopAtLevel                        = 1                                         {product} {command line}
     bool UseCompressedClassPointers               = true                                 {lp64_product} {ergonomic}
     bool UseCompressedOops                        = true                                 {lp64_product} {ergonomic}
     bool UseG1GC                                  = true                                      {product} {ergonomic}
     bool UseLargePagesIndividualAllocation        = false                                  {pd product} {ergonomic}

Logging:
Log output configuration:
 #0: stdout all=warning uptime,level,tags
 #1: stderr all=off uptime,level,tags

Environment Variables:
PATH=C:\Program Files\Common Files\Oracle\Java\javapath;C:\Program Files (x86)\Common Files\Oracle\Java\javapath;C:\Program Files\Microsoft MPI\Bin\;C:\WINDOWS\system32;C:\WINDOWS;C:\WINDOWS\System32\Wbem;C:\WINDOWS\System32\WindowsPowerShell\v1.0\;C:\Program Files\dotnet\;C:\Program Files\Microsoft SQL Server\130\Tools\Binn\;C:\WINDOWS\System32\OpenSSH\;C:\Program Files\TortoiseGit\bin;C:\Program Files\Git\cmd;C:\Program Files\MATLAB\R2018a\runtime\win64;C:\Program Files\MATLAB\R2018a\bin;C:\Program Files\nodejs\;C:\Program Files (x86)\Brackets\command;C:\Program Files\Microsoft SQL Server\Client SDK\ODBC\170\Tools\Binn\;C:\Program Files (x86)\dotnet\;C:\Program Files\MySQL\MySQL Shell 8.0\bin\;C:\Users\Home\AppData\Local\Programs\MiKTeX\miktex\bin\x64\;C:\Users\Home\AppData\Local\Programs\MiKTeX 2.9\miktex\bin\x64\;C:\Users\Home\AppData\Local\Microsoft\WindowsApps;C:\Users\Home\AppData\Local\atom\bin;C:\Users\Home\AppData\Local\Programs\Microsoft VS Code\bin;C:\Users\Home\AppData\Roaming\npm;C:\Users\Home\.dotnet\tools;C:\Program Files\apache-maven-3.6.3\bin;C:\Program Files\gradle-6.6.1\bin;
USERNAME=Home
OS=Windows_NT
PROCESSOR_IDENTIFIER=Intel64 Family 6 Model 69 Stepping 1, GenuineIntel



---------------  S Y S T E M  ---------------

OS: Windows 10 , 64 bit Build 18362 (10.0.18362.1500)

CPU:total 4 (initial active 4) (2 cores per cpu, 2 threads per core) family 6 model 69 stepping 1, cmov, cx8, fxsr, mmx, sse, sse2, sse3, ssse3, sse4.1, sse4.2, popcnt, avx, avx2, aes, clmul, erms, lzcnt, ht, tsc, tscinvbit, bmi1, bmi2, fma

Memory: 4k page, system-wide physical 8088M (731M free)
TotalPageFile size 14088M (AvailPageFile size 293M)
current process WorkingSet (physical memory assigned to process): 12M, peak: 12M
current process commit charge ("private bytes"): 180M, peak: 180M

vm_info: Java HotSpot(TM) 64-Bit Server VM (11.0.8+10-LTS) for windows-amd64 JRE (11.0.8+10-LTS), built on Jun 16 2020 05:53:08 by "mach5one" with unknown MS VC++:1916

END.
